{
  "statements": [
    {
      "FunctionDeclaration": {
        "name": "add",
        "params": [
          {
            "name": "x",
            "type": "Int32"
          },
          {
            "name": "y",
            "type": "Int32"
          }
        ],
        "body": [
          {
            "ExpressionStatement": {
              "expr": {
                "Identifier": {
                  "val": "x"
                }
              }
            }
          }
        ],
        "return_type": "Int32"
      }
    }
  ],
  "exports": []
}